<?xml version="1.0" encoding="UTF-8"?>
<!-- Generated by org.testng.reporters.JUnitXMLReporter -->
<testsuite ignored="1" hostname="Lakshmi" failures="0" tests="3" name="Sanity and Cart" time="0.081" errors="0" timestamp="2025-06-13T23:33:04 CDT">
  <testcase classname="com.example.Final.Demo.Spring.Project.functional.FunctionalTestSuiteTest" name="testCheckout" time="0.008"/>
  <testcase classname="com.example.Final.Demo.Spring.Project.functional.FunctionalTestSuiteTest" name="testGetCurrentCart" time="0.0"/>
  <testcase classname="com.example.Final.Demo.Spring.Project.functional.FunctionalTestSuiteTest" name="testListAllProducts" time="0.0"/>
  <testcase classname="com.example.Final.Demo.Spring.Project.functional.FunctionalTestSuiteTest" name="testGetProductById" time="0.0">
    <ignored/>
  </testcase> <!-- testGetProductById -->
</testsuite> <!-- Sanity and Cart -->
